INFO, 2023-02-22 08:52:39,786, dashboard_function.py - server_BChartDataList - Success
INFO, 2023-02-22 08:52:40,051, dashboard_function.py - service_donutChartData - Success
INFO, 2023-02-22 08:52:40,471, dashboard_function.py - alarmData - Success
INFO, 2023-02-22 08:52:40,906, dashboard_function.py - server_LChartDataList - Success
INFO, 2023-02-22 08:52:41,204, dashboard_function.py - os_donutChartData - Success
INFO, 2023-02-22 08:52:41,517, dashboard_function.py - vendorChartList - Success
INFO, 2023-02-22 08:52:41,750, dashboard_function.py - alarm_donutChartData - Success
INFO, 2023-02-22 08:52:42,375, dashboard_function.py - BNChartDataList - Success
INFO, 2023-02-22 08:52:42,376, dashboard_function.py - WMCDL(World Map Chart Data List) - Success
INFO, 2023-02-22 08:52:42,829, dashboard_function.py - connectIpDataList - Success
INFO, 2023-02-22 08:52:43,108, dashboard_function.py - connectServerDataList - Success
INFO, 2023-02-22 08:52:44,629, dashboard_function.py - memoryMoreDataList - Success
INFO, 2023-02-22 09:03:01,968, dashboard_function.py - server_BChartDataList - Success
INFO, 2023-02-22 09:03:02,028, dashboard_function.py - service_donutChartData - Success
INFO, 2023-02-22 09:03:02,099, dashboard_function.py - alarmData - Success
INFO, 2023-02-22 09:03:02,188, dashboard_function.py - server_LChartDataList - Success
INFO, 2023-02-22 09:03:02,269, dashboard_function.py - os_donutChartData - Success
INFO, 2023-02-22 09:03:02,331, dashboard_function.py - vendorChartList - Success
INFO, 2023-02-22 09:03:02,412, dashboard_function.py - alarm_donutChartData - Success
INFO, 2023-02-22 09:03:02,577, dashboard_function.py - BNChartDataList - Success
INFO, 2023-02-22 09:03:02,577, dashboard_function.py - WMCDL(World Map Chart Data List) - Success
INFO, 2023-02-22 09:03:02,663, dashboard_function.py - GpuServerDataList - Success
INFO, 2023-02-22 09:03:02,729, dashboard_function.py - connectIpDataList - Success
INFO, 2023-02-22 09:03:02,813, dashboard_function.py - connectServerDataList - Success
INFO, 2023-02-22 09:03:02,878, dashboard_function.py - memoryMoreDataList - Success
INFO, 2023-02-22 09:13:03,970, dashboard_function.py - server_BChartDataList - Success
INFO, 2023-02-22 09:13:04,051, dashboard_function.py - service_donutChartData - Success
INFO, 2023-02-22 09:13:04,130, dashboard_function.py - alarmData - Success
INFO, 2023-02-22 09:13:04,214, dashboard_function.py - server_LChartDataList - Success
INFO, 2023-02-22 09:13:04,289, dashboard_function.py - os_donutChartData - Success
INFO, 2023-02-22 09:13:04,365, dashboard_function.py - vendorChartList - Success
INFO, 2023-02-22 09:13:04,442, dashboard_function.py - alarm_donutChartData - Success
INFO, 2023-02-22 09:13:04,610, dashboard_function.py - BNChartDataList - Success
INFO, 2023-02-22 09:13:04,610, dashboard_function.py - WMCDL(World Map Chart Data List) - Success
INFO, 2023-02-22 09:13:04,692, dashboard_function.py - GpuServerDataList - Success
INFO, 2023-02-22 09:13:04,771, dashboard_function.py - connectIpDataList - Success
INFO, 2023-02-22 09:13:04,847, dashboard_function.py - connectServerDataList - Success
INFO, 2023-02-22 09:13:04,921, dashboard_function.py - memoryMoreDataList - Success
INFO, 2023-02-22 09:23:05,976, dashboard_function.py - server_BChartDataList - Success
INFO, 2023-02-22 09:23:06,172, dashboard_function.py - service_donutChartData - Success
INFO, 2023-02-22 09:23:06,240, dashboard_function.py - alarmData - Success
INFO, 2023-02-22 09:23:06,335, dashboard_function.py - server_LChartDataList - Success
INFO, 2023-02-22 09:23:06,404, dashboard_function.py - os_donutChartData - Success
INFO, 2023-02-22 09:23:06,472, dashboard_function.py - vendorChartList - Success
INFO, 2023-02-22 09:23:06,551, dashboard_function.py - alarm_donutChartData - Success
INFO, 2023-02-22 09:23:06,690, dashboard_function.py - BNChartDataList - Success
INFO, 2023-02-22 09:23:06,690, dashboard_function.py - WMCDL(World Map Chart Data List) - Success
INFO, 2023-02-22 09:23:06,782, dashboard_function.py - GpuServerDataList - Success
INFO, 2023-02-22 09:23:06,861, dashboard_function.py - connectIpDataList - Success
INFO, 2023-02-22 09:23:06,936, dashboard_function.py - connectServerDataList - Success
INFO, 2023-02-22 09:23:07,013, dashboard_function.py - memoryMoreDataList - Success
INFO, 2023-02-22 09:30:28,041, dashboard_function.py - server_BChartDataList - Success
INFO, 2023-02-22 09:30:28,109, dashboard_function.py - service_donutChartData - Success
INFO, 2023-02-22 09:30:28,193, dashboard_function.py - alarmData - Success
INFO, 2023-02-22 09:30:28,275, dashboard_function.py - server_LChartDataList - Success
INFO, 2023-02-22 09:30:28,359, dashboard_function.py - os_donutChartData - Success
INFO, 2023-02-22 09:30:28,441, dashboard_function.py - vendorChartList - Success
INFO, 2023-02-22 09:30:28,631, dashboard_function.py - alarm_donutChartData - Success
INFO, 2023-02-22 09:30:28,797, dashboard_function.py - BNChartDataList - Success
INFO, 2023-02-22 09:30:28,798, dashboard_function.py - WMCDL(World Map Chart Data List) - Success
INFO, 2023-02-22 09:30:28,877, dashboard_function.py - GpuServerDataList - Success
INFO, 2023-02-22 09:30:28,952, dashboard_function.py - connectIpDataList - Success
INFO, 2023-02-22 09:30:29,024, dashboard_function.py - connectServerDataList - Success
INFO, 2023-02-22 09:30:29,097, dashboard_function.py - memoryMoreDataList - Success
INFO, 2023-02-22 09:40:29,673, dashboard_function.py - server_BChartDataList - Success
INFO, 2023-02-22 09:40:29,754, dashboard_function.py - service_donutChartData - Success
INFO, 2023-02-22 09:40:29,833, dashboard_function.py - alarmData - Success
INFO, 2023-02-22 09:40:29,914, dashboard_function.py - server_LChartDataList - Success
INFO, 2023-02-22 09:40:29,994, dashboard_function.py - os_donutChartData - Success
INFO, 2023-02-22 09:40:30,191, dashboard_function.py - vendorChartList - Success
INFO, 2023-02-22 09:40:30,266, dashboard_function.py - alarm_donutChartData - Success
INFO, 2023-02-22 09:40:30,421, dashboard_function.py - BNChartDataList - Success
INFO, 2023-02-22 09:40:30,422, dashboard_function.py - WMCDL(World Map Chart Data List) - Success
INFO, 2023-02-22 09:40:30,497, dashboard_function.py - GpuServerDataList - Success
INFO, 2023-02-22 09:40:30,570, dashboard_function.py - connectIpDataList - Success
INFO, 2023-02-22 09:40:30,643, dashboard_function.py - connectServerDataList - Success
INFO, 2023-02-22 09:40:30,721, dashboard_function.py - memoryMoreDataList - Success
INFO, 2023-02-22 09:48:27,374, dashboard_function.py - server_BChartDataList - Success
INFO, 2023-02-22 09:48:27,452, dashboard_function.py - service_donutChartData - Success
INFO, 2023-02-22 09:48:27,534, dashboard_function.py - alarmData - Success
INFO, 2023-02-22 09:48:27,623, dashboard_function.py - server_LChartDataList - Success
INFO, 2023-02-22 09:48:27,698, dashboard_function.py - os_donutChartData - Success
INFO, 2023-02-22 09:48:27,775, dashboard_function.py - vendorChartList - Success
INFO, 2023-02-22 09:48:27,853, dashboard_function.py - alarm_donutChartData - Success
INFO, 2023-02-22 09:48:28,030, dashboard_function.py - BNChartDataList - Success
INFO, 2023-02-22 09:48:28,030, dashboard_function.py - WMCDL(World Map Chart Data List) - Success
INFO, 2023-02-22 09:48:28,194, dashboard_function.py - connectIpDataList - Success
INFO, 2023-02-22 09:48:28,268, dashboard_function.py - connectServerDataList - Success
INFO, 2023-02-22 09:48:28,343, dashboard_function.py - memoryMoreDataList - Success
INFO, 2023-02-22 09:51:24,999, dashboard_function.py - server_BChartDataList - Success
INFO, 2023-02-22 09:51:25,078, dashboard_function.py - service_donutChartData - Success
INFO, 2023-02-22 09:51:25,156, dashboard_function.py - alarmData - Success
INFO, 2023-02-22 09:51:25,346, dashboard_function.py - server_LChartDataList - Success
INFO, 2023-02-22 09:51:25,424, dashboard_function.py - os_donutChartData - Success
INFO, 2023-02-22 09:51:25,609, dashboard_function.py - vendorChartList - Success
INFO, 2023-02-22 09:51:25,682, dashboard_function.py - alarm_donutChartData - Success
INFO, 2023-02-22 09:51:25,955, dashboard_function.py - BNChartDataList - Success
INFO, 2023-02-22 09:51:25,955, dashboard_function.py - WMCDL(World Map Chart Data List) - Success
INFO, 2023-02-22 09:51:26,033, dashboard_function.py - GpuServerDataList - Success
INFO, 2023-02-22 09:51:26,118, dashboard_function.py - connectIpDataList - Success
INFO, 2023-02-22 09:51:26,193, dashboard_function.py - connectServerDataList - Success
INFO, 2023-02-22 09:51:26,268, dashboard_function.py - memoryMoreDataList - Success
INFO, 2023-02-22 09:57:00,503, dashboard_function.py - server_BChartDataList - Success
INFO, 2023-02-22 09:57:00,595, dashboard_function.py - service_donutChartData - Success
INFO, 2023-02-22 09:57:00,679, dashboard_function.py - alarmData - Success
INFO, 2023-02-22 09:57:00,767, dashboard_function.py - server_LChartDataList - Success
INFO, 2023-02-22 09:57:00,849, dashboard_function.py - os_donutChartData - Success
INFO, 2023-02-22 09:57:00,933, dashboard_function.py - vendorChartList - Success
INFO, 2023-02-22 09:57:01,012, dashboard_function.py - alarm_donutChartData - Success
INFO, 2023-02-22 09:57:01,202, dashboard_function.py - BNChartDataList - Success
INFO, 2023-02-22 09:57:01,202, dashboard_function.py - WMCDL(World Map Chart Data List) - Success
INFO, 2023-02-22 09:57:01,305, dashboard_function.py - GpuServerDataList - Success
INFO, 2023-02-22 09:57:01,392, dashboard_function.py - connectIpDataList - Success
INFO, 2023-02-22 09:57:01,471, dashboard_function.py - connectServerDataList - Success
INFO, 2023-02-22 09:57:01,547, dashboard_function.py - memoryMoreDataList - Success
INFO, 2023-02-22 10:07:02,976, dashboard_function.py - server_BChartDataList - Success
INFO, 2023-02-22 10:07:03,058, dashboard_function.py - service_donutChartData - Success
INFO, 2023-02-22 10:07:03,143, dashboard_function.py - alarmData - Success
INFO, 2023-02-22 10:07:03,242, dashboard_function.py - server_LChartDataList - Success
INFO, 2023-02-22 10:07:03,328, dashboard_function.py - os_donutChartData - Success
INFO, 2023-02-22 10:07:03,416, dashboard_function.py - vendorChartList - Success
INFO, 2023-02-22 10:07:03,503, dashboard_function.py - alarm_donutChartData - Success
INFO, 2023-02-22 10:07:03,681, dashboard_function.py - BNChartDataList - Success
INFO, 2023-02-22 10:07:03,681, dashboard_function.py - WMCDL(World Map Chart Data List) - Success
INFO, 2023-02-22 10:07:03,767, dashboard_function.py - GpuServerDataList - Success
INFO, 2023-02-22 10:07:03,849, dashboard_function.py - connectIpDataList - Success
INFO, 2023-02-22 10:07:03,928, dashboard_function.py - connectServerDataList - Success
INFO, 2023-02-22 10:07:04,009, dashboard_function.py - memoryMoreDataList - Success
INFO, 2023-02-22 10:17:04,972, dashboard_function.py - server_BChartDataList - Success
INFO, 2023-02-22 10:17:05,052, dashboard_function.py - service_donutChartData - Success
INFO, 2023-02-22 10:17:05,134, dashboard_function.py - alarmData - Success
INFO, 2023-02-22 10:17:05,222, dashboard_function.py - server_LChartDataList - Success
INFO, 2023-02-22 10:17:05,297, dashboard_function.py - os_donutChartData - Success
INFO, 2023-02-22 10:17:05,367, dashboard_function.py - vendorChartList - Success
INFO, 2023-02-22 10:17:05,442, dashboard_function.py - alarm_donutChartData - Success
INFO, 2023-02-22 10:17:05,601, dashboard_function.py - BNChartDataList - Success
INFO, 2023-02-22 10:17:05,601, dashboard_function.py - WMCDL(World Map Chart Data List) - Success
INFO, 2023-02-22 10:17:05,680, dashboard_function.py - GpuServerDataList - Success
INFO, 2023-02-22 10:17:05,869, dashboard_function.py - connectIpDataList - Success
INFO, 2023-02-22 10:17:05,946, dashboard_function.py - connectServerDataList - Success
INFO, 2023-02-22 10:17:06,015, dashboard_function.py - memoryMoreDataList - Success
INFO, 2023-02-22 10:27:06,969, dashboard_function.py - server_BChartDataList - Success
INFO, 2023-02-22 10:27:07,044, dashboard_function.py - service_donutChartData - Success
INFO, 2023-02-22 10:27:07,125, dashboard_function.py - alarmData - Success
INFO, 2023-02-22 10:27:07,202, dashboard_function.py - server_LChartDataList - Success
INFO, 2023-02-22 10:27:07,274, dashboard_function.py - os_donutChartData - Success
INFO, 2023-02-22 10:27:07,344, dashboard_function.py - vendorChartList - Success
INFO, 2023-02-22 10:27:07,416, dashboard_function.py - alarm_donutChartData - Success
INFO, 2023-02-22 10:27:07,674, dashboard_function.py - BNChartDataList - Success
INFO, 2023-02-22 10:27:07,674, dashboard_function.py - WMCDL(World Map Chart Data List) - Success
INFO, 2023-02-22 10:27:07,752, dashboard_function.py - GpuServerDataList - Success
INFO, 2023-02-22 10:27:07,826, dashboard_function.py - connectIpDataList - Success
INFO, 2023-02-22 10:27:07,899, dashboard_function.py - connectServerDataList - Success
INFO, 2023-02-22 10:27:07,974, dashboard_function.py - memoryMoreDataList - Success
INFO, 2023-02-22 10:37:08,979, dashboard_function.py - server_BChartDataList - Success
INFO, 2023-02-22 10:37:09,060, dashboard_function.py - service_donutChartData - Success
INFO, 2023-02-22 10:37:09,138, dashboard_function.py - alarmData - Success
INFO, 2023-02-22 10:37:09,223, dashboard_function.py - server_LChartDataList - Success
INFO, 2023-02-22 10:37:09,297, dashboard_function.py - os_donutChartData - Success
INFO, 2023-02-22 10:37:09,374, dashboard_function.py - vendorChartList - Success
INFO, 2023-02-22 10:37:09,451, dashboard_function.py - alarm_donutChartData - Success
INFO, 2023-02-22 10:37:09,607, dashboard_function.py - BNChartDataList - Success
INFO, 2023-02-22 10:37:09,608, dashboard_function.py - WMCDL(World Map Chart Data List) - Success
INFO, 2023-02-22 10:37:09,690, dashboard_function.py - GpuServerDataList - Success
INFO, 2023-02-22 10:37:09,771, dashboard_function.py - connectIpDataList - Success
INFO, 2023-02-22 10:37:09,847, dashboard_function.py - connectServerDataList - Success
INFO, 2023-02-22 10:37:09,923, dashboard_function.py - memoryMoreDataList - Success
INFO, 2023-02-22 10:47:10,982, dashboard_function.py - server_BChartDataList - Success
INFO, 2023-02-22 10:47:11,056, dashboard_function.py - service_donutChartData - Success
INFO, 2023-02-22 10:47:11,130, dashboard_function.py - alarmData - Success
INFO, 2023-02-22 10:47:11,213, dashboard_function.py - server_LChartDataList - Success
INFO, 2023-02-22 10:47:11,294, dashboard_function.py - os_donutChartData - Success
INFO, 2023-02-22 10:47:11,368, dashboard_function.py - vendorChartList - Success
INFO, 2023-02-22 10:47:11,442, dashboard_function.py - alarm_donutChartData - Success
INFO, 2023-02-22 10:47:11,608, dashboard_function.py - BNChartDataList - Success
INFO, 2023-02-22 10:47:11,610, dashboard_function.py - WMCDL(World Map Chart Data List) - Success
INFO, 2023-02-22 10:47:11,684, dashboard_function.py - GpuServerDataList - Success
INFO, 2023-02-22 10:47:11,761, dashboard_function.py - connectIpDataList - Success
INFO, 2023-02-22 10:47:11,835, dashboard_function.py - connectServerDataList - Success
INFO, 2023-02-22 10:47:11,906, dashboard_function.py - memoryMoreDataList - Success
INFO, 2023-02-22 10:57:13,103, dashboard_function.py - server_BChartDataList - Success
INFO, 2023-02-22 10:57:13,179, dashboard_function.py - service_donutChartData - Success
INFO, 2023-02-22 10:57:13,258, dashboard_function.py - alarmData - Success
INFO, 2023-02-22 10:57:13,339, dashboard_function.py - server_LChartDataList - Success
INFO, 2023-02-22 10:57:13,414, dashboard_function.py - os_donutChartData - Success
INFO, 2023-02-22 10:57:13,489, dashboard_function.py - vendorChartList - Success
INFO, 2023-02-22 10:57:13,581, dashboard_function.py - alarm_donutChartData - Success
INFO, 2023-02-22 10:57:13,752, dashboard_function.py - BNChartDataList - Success
INFO, 2023-02-22 10:57:13,752, dashboard_function.py - WMCDL(World Map Chart Data List) - Success
INFO, 2023-02-22 10:57:13,831, dashboard_function.py - GpuServerDataList - Success
INFO, 2023-02-22 10:57:13,911, dashboard_function.py - connectIpDataList - Success
INFO, 2023-02-22 10:57:13,986, dashboard_function.py - connectServerDataList - Success
INFO, 2023-02-22 10:57:14,058, dashboard_function.py - memoryMoreDataList - Success
INFO, 2023-02-22 11:07:14,983, dashboard_function.py - server_BChartDataList - Success
INFO, 2023-02-22 11:07:15,060, dashboard_function.py - service_donutChartData - Success
INFO, 2023-02-22 11:07:15,136, dashboard_function.py - alarmData - Success
INFO, 2023-02-22 11:07:15,220, dashboard_function.py - server_LChartDataList - Success
INFO, 2023-02-22 11:07:15,297, dashboard_function.py - os_donutChartData - Success
INFO, 2023-02-22 11:07:15,372, dashboard_function.py - vendorChartList - Success
INFO, 2023-02-22 11:07:15,449, dashboard_function.py - alarm_donutChartData - Success
INFO, 2023-02-22 11:07:15,598, dashboard_function.py - BNChartDataList - Success
INFO, 2023-02-22 11:07:15,598, dashboard_function.py - WMCDL(World Map Chart Data List) - Success
INFO, 2023-02-22 11:07:15,675, dashboard_function.py - GpuServerDataList - Success
INFO, 2023-02-22 11:07:15,748, dashboard_function.py - connectIpDataList - Success
INFO, 2023-02-22 11:07:15,824, dashboard_function.py - connectServerDataList - Success
INFO, 2023-02-22 11:07:15,899, dashboard_function.py - memoryMoreDataList - Success
INFO, 2023-02-22 11:17:17,073, dashboard_function.py - server_BChartDataList - Success
INFO, 2023-02-22 11:17:17,151, dashboard_function.py - service_donutChartData - Success
INFO, 2023-02-22 11:17:17,230, dashboard_function.py - alarmData - Success
INFO, 2023-02-22 11:17:17,424, dashboard_function.py - server_LChartDataList - Success
INFO, 2023-02-22 11:17:17,601, dashboard_function.py - os_donutChartData - Success
INFO, 2023-02-22 11:17:17,675, dashboard_function.py - vendorChartList - Success
INFO, 2023-02-22 11:17:17,753, dashboard_function.py - alarm_donutChartData - Success
INFO, 2023-02-22 11:17:17,914, dashboard_function.py - BNChartDataList - Success
INFO, 2023-02-22 11:17:17,915, dashboard_function.py - WMCDL(World Map Chart Data List) - Success
INFO, 2023-02-22 11:17:17,994, dashboard_function.py - GpuServerDataList - Success
INFO, 2023-02-22 11:17:18,073, dashboard_function.py - connectIpDataList - Success
INFO, 2023-02-22 11:17:18,147, dashboard_function.py - connectServerDataList - Success
INFO, 2023-02-22 11:17:18,225, dashboard_function.py - memoryMoreDataList - Success
INFO, 2023-02-22 11:27:18,977, dashboard_function.py - server_BChartDataList - Success
INFO, 2023-02-22 11:27:19,054, dashboard_function.py - service_donutChartData - Success
INFO, 2023-02-22 11:27:19,130, dashboard_function.py - alarmData - Success
INFO, 2023-02-22 11:27:19,215, dashboard_function.py - server_LChartDataList - Success
INFO, 2023-02-22 11:27:19,291, dashboard_function.py - os_donutChartData - Success
INFO, 2023-02-22 11:27:19,365, dashboard_function.py - vendorChartList - Success
INFO, 2023-02-22 11:27:19,441, dashboard_function.py - alarm_donutChartData - Success
INFO, 2023-02-22 11:27:19,707, dashboard_function.py - BNChartDataList - Success
INFO, 2023-02-22 11:27:19,707, dashboard_function.py - WMCDL(World Map Chart Data List) - Success
INFO, 2023-02-22 11:27:19,786, dashboard_function.py - GpuServerDataList - Success
INFO, 2023-02-22 11:27:19,861, dashboard_function.py - connectIpDataList - Success
INFO, 2023-02-22 11:27:20,048, dashboard_function.py - connectServerDataList - Success
INFO, 2023-02-22 11:27:20,120, dashboard_function.py - memoryMoreDataList - Success
INFO, 2023-02-22 11:36:55,095, dashboard_function.py - server_BChartDataList - Success
INFO, 2023-02-22 11:36:55,175, dashboard_function.py - service_donutChartData - Success
INFO, 2023-02-22 11:36:55,254, dashboard_function.py - alarmData - Success
INFO, 2023-02-22 11:36:55,452, dashboard_function.py - server_LChartDataList - Success
INFO, 2023-02-22 11:36:55,528, dashboard_function.py - os_donutChartData - Success
INFO, 2023-02-22 11:36:55,610, dashboard_function.py - vendorChartList - Success
INFO, 2023-02-22 11:36:55,684, dashboard_function.py - alarm_donutChartData - Success
INFO, 2023-02-22 11:36:55,838, dashboard_function.py - BNChartDataList - Success
INFO, 2023-02-22 11:36:55,840, dashboard_function.py - WMCDL(World Map Chart Data List) - Success
INFO, 2023-02-22 11:36:55,987, dashboard_function.py - connectIpDataList - Success
INFO, 2023-02-22 11:36:56,059, dashboard_function.py - connectServerDataList - Success
INFO, 2023-02-22 11:36:56,133, dashboard_function.py - memoryMoreDataList - Success
INFO, 2023-02-22 11:37:07,076, dashboard_function.py - server_BChartDataList - Success
INFO, 2023-02-22 11:37:07,151, dashboard_function.py - service_donutChartData - Success
INFO, 2023-02-22 11:37:07,226, dashboard_function.py - alarmData - Success
INFO, 2023-02-22 11:37:07,305, dashboard_function.py - server_LChartDataList - Success
INFO, 2023-02-22 11:37:07,383, dashboard_function.py - os_donutChartData - Success
INFO, 2023-02-22 11:37:07,463, dashboard_function.py - vendorChartList - Success
INFO, 2023-02-22 11:37:07,539, dashboard_function.py - alarm_donutChartData - Success
INFO, 2023-02-22 11:37:07,696, dashboard_function.py - BNChartDataList - Success
INFO, 2023-02-22 11:37:07,696, dashboard_function.py - WMCDL(World Map Chart Data List) - Success
INFO, 2023-02-22 11:37:07,856, dashboard_function.py - connectIpDataList - Success
INFO, 2023-02-22 11:37:07,938, dashboard_function.py - connectServerDataList - Success
INFO, 2023-02-22 11:37:08,031, dashboard_function.py - memoryMoreDataList - Success
INFO, 2023-02-22 11:47:08,989, dashboard_function.py - server_BChartDataList - Success
INFO, 2023-02-22 11:47:09,063, dashboard_function.py - service_donutChartData - Success
INFO, 2023-02-22 11:47:09,137, dashboard_function.py - alarmData - Success
INFO, 2023-02-22 11:47:09,218, dashboard_function.py - server_LChartDataList - Success
INFO, 2023-02-22 11:47:09,295, dashboard_function.py - os_donutChartData - Success
INFO, 2023-02-22 11:47:09,370, dashboard_function.py - vendorChartList - Success
INFO, 2023-02-22 11:47:09,441, dashboard_function.py - alarm_donutChartData - Success
INFO, 2023-02-22 11:47:09,597, dashboard_function.py - BNChartDataList - Success
INFO, 2023-02-22 11:47:09,597, dashboard_function.py - WMCDL(World Map Chart Data List) - Success
INFO, 2023-02-22 11:47:09,675, dashboard_function.py - GpuServerDataList - Success
INFO, 2023-02-22 11:47:09,750, dashboard_function.py - connectIpDataList - Success
INFO, 2023-02-22 11:47:09,822, dashboard_function.py - connectServerDataList - Success
INFO, 2023-02-22 11:47:09,893, dashboard_function.py - memoryMoreDataList - Success
INFO, 2023-02-22 12:45:36,743, dashboard_function.py - server_BChartDataList - Success
INFO, 2023-02-22 12:45:37,037, dashboard_function.py - service_donutChartData - Success
INFO, 2023-02-22 12:45:37,274, dashboard_function.py - alarmData - Success
INFO, 2023-02-22 12:45:37,448, dashboard_function.py - server_LChartDataList - Success
INFO, 2023-02-22 12:45:37,597, dashboard_function.py - os_donutChartData - Success
INFO, 2023-02-22 12:45:37,743, dashboard_function.py - vendorChartList - Success
INFO, 2023-02-22 12:45:37,897, dashboard_function.py - alarm_donutChartData - Success
INFO, 2023-02-22 12:45:38,566, dashboard_function.py - BNChartDataList - Success
INFO, 2023-02-22 12:45:38,566, dashboard_function.py - WMCDL(World Map Chart Data List) - Success
INFO, 2023-02-22 12:45:39,760, dashboard_function.py - connectIpDataList - Success
INFO, 2023-02-22 12:45:39,961, dashboard_function.py - connectServerDataList - Success
INFO, 2023-02-22 12:45:40,189, dashboard_function.py - memoryMoreDataList - Success
INFO, 2023-02-22 12:55:44,995, dashboard_function.py - server_BChartDataList - Success
INFO, 2023-02-22 12:55:45,059, dashboard_function.py - service_donutChartData - Success
INFO, 2023-02-22 12:55:45,159, dashboard_function.py - alarmData - Success
INFO, 2023-02-22 12:55:45,233, dashboard_function.py - server_LChartDataList - Success
INFO, 2023-02-22 12:55:45,317, dashboard_function.py - os_donutChartData - Success
INFO, 2023-02-22 12:55:45,379, dashboard_function.py - vendorChartList - Success
INFO, 2023-02-22 12:55:45,474, dashboard_function.py - alarm_donutChartData - Success
INFO, 2023-02-22 12:55:45,629, dashboard_function.py - BNChartDataList - Success
INFO, 2023-02-22 12:55:45,629, dashboard_function.py - WMCDL(World Map Chart Data List) - Success
INFO, 2023-02-22 12:55:45,708, dashboard_function.py - GpuServerDataList - Success
INFO, 2023-02-22 12:55:45,910, dashboard_function.py - connectIpDataList - Success
INFO, 2023-02-22 12:55:45,982, dashboard_function.py - connectServerDataList - Success
INFO, 2023-02-22 12:55:46,056, dashboard_function.py - memoryMoreDataList - Success
INFO, 2023-02-22 12:56:25,152, dashboard_function.py - server_BChartDataList - Success
INFO, 2023-02-22 12:56:25,356, dashboard_function.py - service_donutChartData - Success
INFO, 2023-02-22 12:56:25,555, dashboard_function.py - alarmData - Success
INFO, 2023-02-22 12:56:25,643, dashboard_function.py - server_LChartDataList - Success
INFO, 2023-02-22 12:56:25,734, dashboard_function.py - os_donutChartData - Success
INFO, 2023-02-22 12:56:25,816, dashboard_function.py - vendorChartList - Success
INFO, 2023-02-22 12:56:25,904, dashboard_function.py - alarm_donutChartData - Success
INFO, 2023-02-22 12:56:26,086, dashboard_function.py - BNChartDataList - Success
INFO, 2023-02-22 12:56:26,086, dashboard_function.py - WMCDL(World Map Chart Data List) - Success
INFO, 2023-02-22 12:56:26,163, dashboard_function.py - GpuServerDataList - Success
INFO, 2023-02-22 12:56:26,241, dashboard_function.py - connectIpDataList - Success
INFO, 2023-02-22 12:56:26,318, dashboard_function.py - connectServerDataList - Success
INFO, 2023-02-22 12:56:26,393, dashboard_function.py - memoryMoreDataList - Success
INFO, 2023-02-22 13:06:26,990, dashboard_function.py - server_BChartDataList - Success
INFO, 2023-02-22 13:06:27,065, dashboard_function.py - service_donutChartData - Success
INFO, 2023-02-22 13:06:27,137, dashboard_function.py - alarmData - Success
INFO, 2023-02-22 13:06:27,222, dashboard_function.py - server_LChartDataList - Success
INFO, 2023-02-22 13:06:27,298, dashboard_function.py - os_donutChartData - Success
INFO, 2023-02-22 13:06:27,372, dashboard_function.py - vendorChartList - Success
INFO, 2023-02-22 13:06:27,449, dashboard_function.py - alarm_donutChartData - Success
INFO, 2023-02-22 13:06:27,618, dashboard_function.py - BNChartDataList - Success
INFO, 2023-02-22 13:06:27,619, dashboard_function.py - WMCDL(World Map Chart Data List) - Success
INFO, 2023-02-22 13:06:27,707, dashboard_function.py - GpuServerDataList - Success
INFO, 2023-02-22 13:06:27,790, dashboard_function.py - connectIpDataList - Success
INFO, 2023-02-22 13:06:27,864, dashboard_function.py - connectServerDataList - Success
INFO, 2023-02-22 13:06:27,944, dashboard_function.py - memoryMoreDataList - Success
INFO, 2023-02-22 13:11:43,119, Run Finished
